[ 2024-12-31 15:01:36,231 ] 9 root - INFO - >>>>>>> stage Data Ingestion Stage started
[ 2024-12-31 15:01:36,244 ] 30 root - INFO - yaml file: config\config.yaml loaded successfully
[ 2024-12-31 15:01:36,244 ] 30 root - INFO - yaml file: params.yaml loaded successfully
[ 2024-12-31 15:01:36,244 ] 30 root - INFO - yaml file: schema.yaml loaded successfully
[ 2024-12-31 15:01:36,244 ] 50 root - INFO - created directory at: artifacts
[ 2024-12-31 15:01:36,244 ] 50 root - INFO - created directory at: artifacts/data_ingestion
[ 2024-12-31 15:01:36,747 ] 30 root - INFO - artifacts/data_ingestion\heart_attack_analysis.csv downloaded successfully with the following info:
Connection: close
Content-Length: 11328
Cache-Control: max-age=300
Content-Security-Policy: default-src 'none'; style-src 'unsafe-inline'; sandbox
Content-Type: text/plain; charset=utf-8
ETag: "14fb4f70b342a786864ca590d89f54eeb2c0e2a28591e2f5e92f2c0f18c3572f"
Strict-Transport-Security: max-age=31536000
X-Content-Type-Options: nosniff
X-Frame-Options: deny
X-XSS-Protection: 1; mode=block
X-GitHub-Request-Id: C8A1:206B06:62BE7B:922EE2:6773AF54
Accept-Ranges: bytes
Date: Tue, 31 Dec 2024 09:31:37 GMT
Via: 1.1 varnish
X-Served-By: cache-hyd1100025-HYD
X-Cache: HIT
X-Cache-Hits: 1
X-Timer: S1735637497.043817,VS0,VE1
Vary: Authorization,Accept-Encoding,Origin
Access-Control-Allow-Origin: *
Cross-Origin-Resource-Policy: cross-origin
X-Fastly-Request-ID: 6aa9991ae429f8e376c99669a8bacbefc22d342e
Expires: Tue, 31 Dec 2024 09:36:37 GMT
Source-Age: 48


[ 2024-12-31 15:01:36,756 ] 12 root - INFO - >>>>> stage Data Ingestion Stage completed
